<?xml version="1.0" encoding="UTF-8"?>
<!-- Generated by org.testng.reporters.JUnitReportReporter -->
<testsuite hostname="TYSS-Abhay-Kumar" failures="0" tests="1" name="Encryption.AESEncryptionTest" time="0.042" errors="1" timestamp="2024-07-01T12:16:11 IST" skipped="0">
  <testcase classname="Encryption.AESEncryptionTest" name="updatePayroll_AES" time="0.042">
    <error message="Invalid AES key length: 11 bytes" type="java.security.InvalidKeyException">
      <![CDATA[java.security.InvalidKeyException: Invalid AES key length: 11 bytes
at java.base/com.sun.crypto.provider.AESCrypt.makeSessionKey(AESCrypt.java:1329)
at java.base/com.sun.crypto.provider.AESCrypt.init(AESCrypt.java:1053)
at java.base/com.sun.crypto.provider.CipherBlockChaining.init(CipherBlockChaining.java:96)
at java.base/com.sun.crypto.provider.CipherCore.init(CipherCore.java:481)
at java.base/com.sun.crypto.provider.AESCipher.engineInit(AESCipher.java:344)
at java.base/javax.crypto.Cipher.implInit(Cipher.java:876)
at java.base/javax.crypto.Cipher.chooseProvider(Cipher.java:934)
at java.base/javax.crypto.Cipher.init(Cipher.java:1466)
at java.base/javax.crypto.Cipher.init(Cipher.java:1393)
at EncryptionDecryptionUtility.EncryptAndDecryptUtility.encrypt(EncryptAndDecryptUtility.java:18)
at Encryption.AESEncryptionTest.updatePayroll_AES(AESEncryptionTest.java:21)
at java.base/jdk.internal.reflect.DirectMethodHandleAccessor.invoke(DirectMethodHandleAccessor.java:103)
at java.base/java.lang.reflect.Method.invoke(Method.java:580)
at org.testng.internal.invokers.MethodInvocationHelper.invokeMethod(MethodInvocationHelper.java:136)
at org.testng.internal.invokers.TestInvoker.invokeMethod(TestInvoker.java:658)
at org.testng.internal.invokers.TestInvoker.invokeTestMethod(TestInvoker.java:219)
at org.testng.internal.invokers.MethodRunner.runInSequence(MethodRunner.java:50)
at org.testng.internal.invokers.TestInvoker$MethodInvocationAgent.invoke(TestInvoker.java:923)
at org.testng.internal.invokers.TestInvoker.invokeTestMethods(TestInvoker.java:192)
at org.testng.internal.invokers.TestMethodWorker.invokeTestMethods(TestMethodWorker.java:146)
at org.testng.internal.invokers.TestMethodWorker.run(TestMethodWorker.java:128)
at java.base/java.util.ArrayList.forEach(ArrayList.java:1597)
at org.testng.TestRunner.privateRun(TestRunner.java:808)
at org.testng.TestRunner.run(TestRunner.java:603)
at org.testng.SuiteRunner.runTest(SuiteRunner.java:429)
at org.testng.SuiteRunner.runSequentially(SuiteRunner.java:423)
at org.testng.SuiteRunner.privateRun(SuiteRunner.java:383)
at org.testng.SuiteRunner.run(SuiteRunner.java:326)
at org.testng.SuiteRunnerWorker.runSuite(SuiteRunnerWorker.java:52)
at org.testng.SuiteRunnerWorker.run(SuiteRunnerWorker.java:95)
at org.testng.TestNG.runSuitesSequentially(TestNG.java:1249)
at org.testng.TestNG.runSuitesLocally(TestNG.java:1169)
at org.testng.TestNG.runSuites(TestNG.java:1092)
at org.testng.TestNG.run(TestNG.java:1060)
at org.testng.remote.AbstractRemoteTestNG.run(AbstractRemoteTestNG.java:115)
at org.testng.remote.RemoteTestNG.initAndRun(RemoteTestNG.java:293)
at org.testng.remote.RemoteTestNG.main(RemoteTestNG.java:91)
]]>
    </error>
  </testcase> <!-- updatePayroll_AES -->
  <system-out/>
</testsuite> <!-- Encryption.AESEncryptionTest -->
